# JRE version: Java(TM) SE Runtime Environment (7.0_51-b13) (build 1.7.0_51-b13)
# Java VM: Java HotSpot(TM) 64-Bit Server VM (24.51-b03 mixed mode bsd-amd64 compressed oops)
Heap
 PSYoungGen      total 331264K, used 9672K [0x00000007eaa80000, 0x00000007ffe80000, 0x0000000800000000)
  eden space 314368K, 3% used [0x00000007eaa80000,0x00000007eb3f2070,0x00000007fdd80000)
  from space 16896K, 0% used [0x00000007fdd80000,0x00000007fdd80000,0x00000007fee00000)
  to   space 16896K, 0% used [0x00000007fee00000,0x00000007fee00000,0x00000007ffe80000)
 ParOldGen       total 76800K, used 27480K [0x00000007c0000000, 0x00000007c4b00000, 0x00000007eaa80000)
  object space 76800K, 35% used [0x00000007c0000000,0x00000007c1ad60d8,0x00000007c4b00000)
 PSPermGen       total 77312K, used 55505K [0x00000007b0000000, 0x00000007b4b80000, 0x00000007c0000000)
  object space 77312K, 71% used [0x00000007b0000000,0x00000007b3634620,0x00000007b4b80000)
GC Heap History (10 events):
Event: 2420.942 GC heap before
{Heap before GC invocations=44 (full 9):
 PSYoungGen      total 329728K, used 17517K [0x00000007eaa80000, 0x0000000800000000, 0x0000000800000000)
  eden space 313856K, 4% used [0x00000007eaa80000,0x00000007eb7876f8,0x00000007fdd00000)
  from space 15872K, 26% used [0x00000007ff080000,0x00000007ff494030,0x0000000800000000)
  to   space 17920K, 0% used [0x00000007fdd00000,0x00000007fdd00000,0x00000007fee80000)
 ParOldGen       total 76800K, used 47226K [0x00000007c0000000, 0x00000007c4b00000, 0x00000007eaa80000)
  object space 76800K, 61% used [0x00000007c0000000,0x00000007c2e1e950,0x00000007c4b00000)
 PSPermGen       total 86528K, used 58591K [0x00000007b0000000, 0x00000007b5480000, 0x00000007c0000000)
  object space 86528K, 67% used [0x00000007b0000000,0x00000007b3937ec0,0x00000007b5480000)
Event: 2420.949 GC heap after
Heap after GC invocations=44 (full 9):
 PSYoungGen      total 331776K, used 2624K [0x00000007eaa80000, 0x0000000800000000, 0x0000000800000000)
  eden space 313856K, 0% used [0x00000007eaa80000,0x00000007eaa80000,0x00000007fdd00000)
  from space 17920K, 14% used [0x00000007fdd00000,0x00000007fdf90020,0x00000007fee80000)
  to   space 17408K, 0% used [0x00000007fef00000,0x00000007fef00000,0x0000000800000000)
 ParOldGen       total 76800K, used 47226K [0x00000007c0000000, 0x00000007c4b00000, 0x00000007eaa80000)
  object space 76800K, 61% used [0x00000007c0000000,0x00000007c2e1e950,0x00000007c4b00000)
 PSPermGen       total 86528K, used 58591K [0x00000007b0000000, 0x00000007b5480000, 0x00000007c0000000)
  object space 86528K, 67% used [0x00000007b0000000,0x00000007b3937ec0,0x00000007b5480000)
}
Event: 2420.949 GC heap before
{Heap before GC invocations=45 (full 10):
 PSYoungGen      total 331776K, used 2624K [0x00000007eaa80000, 0x0000000800000000, 0x0000000800000000)
  eden space 313856K, 0% used [0x00000007eaa80000,0x00000007eaa80000,0x00000007fdd00000)
  from space 17920K, 14% used [0x00000007fdd00000,0x00000007fdf90020,0x00000007fee80000)
  to   space 17408K, 0% used [0x00000007fef00000,0x00000007fef00000,0x0000000800000000)
 ParOldGen       total 76800K, used 47226K [0x00000007c0000000, 0x00000007c4b00000, 0x00000007eaa80000)
  object space 76800K, 61% used [0x00000007c0000000,0x00000007c2e1e950,0x00000007c4b00000)
 PSPermGen       total 86528K, used 58591K [0x00000007b0000000, 0x00000007b5480000, 0x00000007c0000000)
  object space 86528K, 67% used [0x00000007b0000000,0x00000007b3937ec0,0x00000007b5480000)
Event: 2421.762 GC heap after
Heap after GC invocations=45 (full 10):
 PSYoungGen      total 331776K, used 0K [0x00000007eaa80000, 0x0000000800000000, 0x0000000800000000)
  eden space 313856K, 0% used [0x00000007eaa80000,0x00000007eaa80000,0x00000007fdd00000)
  from space 17920K, 0% used [0x00000007fdd00000,0x00000007fdd00000,0x00000007fee80000)
  to   space 17408K, 0% used [0x00000007fef00000,0x00000007fef00000,0x0000000800000000)
 ParOldGen       total 76800K, used 46642K [0x00000007c0000000, 0x00000007c4b00000, 0x00000007eaa80000)
  object space 76800K, 60% used [0x00000007c0000000,0x00000007c2d8cb50,0x00000007c4b00000)
 PSPermGen       total 83456K, used 58146K [0x00000007b0000000, 0x00000007b5180000, 0x00000007c0000000)
  object space 83456K, 69% used [0x00000007b0000000,0x00000007b38c8840,0x00000007b5180000)
}
Event: 2452.304 GC heap before
{Heap before GC invocations=46 (full 10):
 PSYoungGen      total 331776K, used 313856K [0x00000007eaa80000, 0x0000000800000000, 0x0000000800000000)
  eden space 313856K, 100% used [0x00000007eaa80000,0x00000007fdd00000,0x00000007fdd00000)
  from space 17920K, 0% used [0x00000007fdd00000,0x00000007fdd00000,0x00000007fee80000)
  to   space 17408K, 0% used [0x00000007fef00000,0x00000007fef00000,0x0000000800000000)
 ParOldGen       total 76800K, used 46642K [0x00000007c0000000, 0x00000007c4b00000, 0x00000007eaa80000)
  object space 76800K, 60% used [0x00000007c0000000,0x00000007c2d8cb50,0x00000007c4b00000)
 PSPermGen       total 83456K, used 58554K [0x00000007b0000000, 0x00000007b5180000, 0x00000007c0000000)
  object space 83456K, 70% used [0x00000007b0000000,0x00000007b392eb30,0x00000007b5180000)
Event: 2452.315 GC heap after
Heap after GC invocations=46 (full 10):
 PSYoungGen      total 330240K, used 3488K [0x00000007eaa80000, 0x00000007ffe80000, 0x0000000800000000)
  eden space 314368K, 0% used [0x00000007eaa80000,0x00000007eaa80000,0x00000007fdd80000)
  from space 15872K, 21% used [0x00000007fef00000,0x00000007ff268020,0x00000007ffe80000)
  to   space 16896K, 0% used [0x00000007fdd80000,0x00000007fdd80000,0x00000007fee00000)
 ParOldGen       total 76800K, used 46642K [0x00000007c0000000, 0x00000007c4b00000, 0x00000007eaa80000)
  object space 76800K, 60% used [0x00000007c0000000,0x00000007c2d8cb50,0x00000007c4b00000)
 PSPermGen       total 83456K, used 58554K [0x00000007b0000000, 0x00000007b5180000, 0x00000007c0000000)
  object space 83456K, 70% used [0x00000007b0000000,0x00000007b392eb30,0x00000007b5180000)
}
Event: 5684.463 GC heap before
{Heap before GC invocations=47 (full 10):
 PSYoungGen      total 330240K, used 280146K [0x00000007eaa80000, 0x00000007ffe80000, 0x0000000800000000)
  eden space 314368K, 88% used [0x00000007eaa80000,0x00000007fb8ac848,0x00000007fdd80000)
  from space 15872K, 21% used [0x00000007fef00000,0x00000007ff268020,0x00000007ffe80000)
  to   space 16896K, 0% used [0x00000007fdd80000,0x00000007fdd80000,0x00000007fee00000)
 ParOldGen       total 76800K, used 46642K [0x00000007c0000000, 0x00000007c4b00000, 0x00000007eaa80000)
  object space 76800K, 60% used [0x00000007c0000000,0x00000007c2d8cb50,0x00000007c4b00000)
 PSPermGen       total 83456K, used 59348K [0x00000007b0000000, 0x00000007b5180000, 0x00000007c0000000)
  object space 83456K, 71% used [0x00000007b0000000,0x00000007b39f5118,0x00000007b5180000)
Event: 5684.553 GC heap after
Heap after GC invocations=47 (full 10):
 PSYoungGen      total 331264K, used 8726K [0x00000007eaa80000, 0x00000007ffe80000, 0x0000000800000000)
  eden space 314368K, 0% used [0x00000007eaa80000,0x00000007eaa80000,0x00000007fdd80000)
  from space 16896K, 51% used [0x00000007fdd80000,0x00000007fe6058b8,0x00000007fee00000)
  to   space 16896K, 0% used [0x00000007fee00000,0x00000007fee00000,0x00000007ffe80000)
 ParOldGen       total 76800K, used 46642K [0x00000007c0000000, 0x00000007c4b00000, 0x00000007eaa80000)
  object space 76800K, 60% used [0x00000007c0000000,0x00000007c2d8cb50,0x00000007c4b00000)
 PSPermGen       total 83456K, used 59348K [0x00000007b0000000, 0x00000007b5180000, 0x00000007c0000000)
  object space 83456K, 71% used [0x00000007b0000000,0x00000007b39f5118,0x00000007b5180000)
}
Event: 5684.553 GC heap before
{Heap before GC invocations=48 (full 11):
 PSYoungGen      total 331264K, used 8726K [0x00000007eaa80000, 0x00000007ffe80000, 0x0000000800000000)
  eden space 314368K, 0% used [0x00000007eaa80000,0x00000007eaa80000,0x00000007fdd80000)
  from space 16896K, 51% used [0x00000007fdd80000,0x00000007fe6058b8,0x00000007fee00000)
  to   space 16896K, 0% used [0x00000007fee00000,0x00000007fee00000,0x00000007ffe80000)
 ParOldGen       total 76800K, used 46642K [0x00000007c0000000, 0x00000007c4b00000, 0x00000007eaa80000)
  object space 76800K, 60% used [0x00000007c0000000,0x00000007c2d8cb50,0x00000007c4b00000)
 PSPermGen       total 83456K, used 59348K [0x00000007b0000000, 0x00000007b5180000, 0x00000007c0000000)
  object space 83456K, 71% used [0x00000007b0000000,0x00000007b39f5118,0x00000007b5180000)
Event: 5685.028 GC heap after
Heap after GC invocations=48 (full 11):
 PSYoungGen      total 331264K, used 0K [0x00000007eaa80000, 0x00000007ffe80000, 0x0000000800000000)
  eden space 314368K, 0% used [0x00000007eaa80000,0x00000007eaa80000,0x00000007fdd80000)
  from space 16896K, 0% used [0x00000007fdd80000,0x00000007fdd80000,0x00000007fee00000)
  to   space 16896K, 0% used [0x00000007fee00000,0x00000007fee00000,0x00000007ffe80000)
 ParOldGen       total 76800K, used 27480K [0x00000007c0000000, 0x00000007c4b00000, 0x00000007eaa80000)
  object space 76800K, 35% used [0x00000007c0000000,0x00000007c1ad60d8,0x00000007c4b00000)
 PSPermGen       total 77312K, used 55340K [0x00000007b0000000, 0x00000007b4b80000, 0x00000007c0000000)
  object space 77312K, 71% used [0x00000007b0000000,0x00000007b360b078,0x00000007b4b80000)
}

