# JRE version: Java(TM) SE Runtime Environment (7.0_51-b13) (build 1.7.0_51-b13)
# Java VM: Java HotSpot(TM) 64-Bit Server VM (24.51-b03 mixed mode bsd-amd64 compressed oops)
Heap
 PSYoungGen      total 331776K, used 117722K [0x00000007eaa80000, 0x0000000800000000, 0x0000000800000000)
  eden space 314880K, 37% used [0x00000007eaa80000,0x00000007f1d769c8,0x00000007fde00000)
  from space 16896K, 0% used [0x00000007fde00000,0x00000007fde00000,0x00000007fee80000)
  to   space 16896K, 0% used [0x00000007fef80000,0x00000007fef80000,0x0000000800000000)
 ParOldGen       total 78336K, used 39377K [0x00000007c0000000, 0x00000007c4c80000, 0x00000007eaa80000)
  object space 78336K, 50% used [0x00000007c0000000,0x00000007c2674560,0x00000007c4c80000)
 PSPermGen       total 80384K, used 55374K [0x00000007b0000000, 0x00000007b4e80000, 0x00000007c0000000)
  object space 80384K, 68% used [0x00000007b0000000,0x00000007b36138e8,0x00000007b4e80000)
GC Heap History (10 events):
Event: 1484.234 GC heap before
{Heap before GC invocations=27 (full 8):
 PSYoungGen      total 330752K, used 1440K [0x00000007eaa80000, 0x0000000800000000, 0x0000000800000000)
  eden space 312320K, 0% used [0x00000007eaa80000,0x00000007eaa80000,0x00000007fdb80000)
  from space 18432K, 7% used [0x00000007fdb80000,0x00000007fdce8020,0x00000007fed80000)
  to   space 17920K, 0% used [0x00000007fee80000,0x00000007fee80000,0x0000000800000000)
 ParOldGen       total 78336K, used 44408K [0x00000007c0000000, 0x00000007c4c80000, 0x00000007eaa80000)
  object space 78336K, 56% used [0x00000007c0000000,0x00000007c2b5e018,0x00000007c4c80000)
 PSPermGen       total 93184K, used 54831K [0x00000007b0000000, 0x00000007b5b00000, 0x00000007c0000000)
  object space 93184K, 58% used [0x00000007b0000000,0x00000007b358bd50,0x00000007b5b00000)
Event: 1484.747 GC heap after
Heap after GC invocations=27 (full 8):
 PSYoungGen      total 330752K, used 0K [0x00000007eaa80000, 0x0000000800000000, 0x0000000800000000)
  eden space 312320K, 0% used [0x00000007eaa80000,0x00000007eaa80000,0x00000007fdb80000)
  from space 18432K, 0% used [0x00000007fdb80000,0x00000007fdb80000,0x00000007fed80000)
  to   space 17920K, 0% used [0x00000007fee80000,0x00000007fee80000,0x0000000800000000)
 ParOldGen       total 78336K, used 42300K [0x00000007c0000000, 0x00000007c4c80000, 0x00000007eaa80000)
  object space 78336K, 53% used [0x00000007c0000000,0x00000007c294f1e0,0x00000007c4c80000)
 PSPermGen       total 89088K, used 54822K [0x00000007b0000000, 0x00000007b5700000, 0x00000007c0000000)
  object space 89088K, 61% used [0x00000007b0000000,0x00000007b3589868,0x00000007b5700000)
}
Event: 1840.142 GC heap before
{Heap before GC invocations=28 (full 8):
 PSYoungGen      total 330752K, used 276273K [0x00000007eaa80000, 0x0000000800000000, 0x0000000800000000)
  eden space 312320K, 88% used [0x00000007eaa80000,0x00000007fb84c448,0x00000007fdb80000)
  from space 18432K, 0% used [0x00000007fdb80000,0x00000007fdb80000,0x00000007fed80000)
  to   space 17920K, 0% used [0x00000007fee80000,0x00000007fee80000,0x0000000800000000)
 ParOldGen       total 78336K, used 42300K [0x00000007c0000000, 0x00000007c4c80000, 0x00000007eaa80000)
  object space 78336K, 53% used [0x00000007c0000000,0x00000007c294f1e0,0x00000007c4c80000)
 PSPermGen       total 89088K, used 55300K [0x00000007b0000000, 0x00000007b5700000, 0x00000007c0000000)
  object space 89088K, 62% used [0x00000007b0000000,0x00000007b36012d0,0x00000007b5700000)
Event: 1840.192 GC heap after
Heap after GC invocations=28 (full 8):
 PSYoungGen      total 332800K, used 3332K [0x00000007eaa80000, 0x0000000800000000, 0x0000000800000000)
  eden space 314880K, 0% used [0x00000007eaa80000,0x00000007eaa80000,0x00000007fde00000)
  from space 17920K, 18% used [0x00000007fee80000,0x00000007ff1c1008,0x0000000800000000)
  to   space 16896K, 0% used [0x00000007fde00000,0x00000007fde00000,0x00000007fee80000)
 ParOldGen       total 78336K, used 42300K [0x00000007c0000000, 0x00000007c4c80000, 0x00000007eaa80000)
  object space 78336K, 53% used [0x00000007c0000000,0x00000007c294f1e0,0x00000007c4c80000)
 PSPermGen       total 89088K, used 55300K [0x00000007b0000000, 0x00000007b5700000, 0x00000007c0000000)
  object space 89088K, 62% used [0x00000007b0000000,0x00000007b36012d0,0x00000007b5700000)
}
Event: 1840.192 GC heap before
{Heap before GC invocations=29 (full 9):
 PSYoungGen      total 332800K, used 3332K [0x00000007eaa80000, 0x0000000800000000, 0x0000000800000000)
  eden space 314880K, 0% used [0x00000007eaa80000,0x00000007eaa80000,0x00000007fde00000)
  from space 17920K, 18% used [0x00000007fee80000,0x00000007ff1c1008,0x0000000800000000)
  to   space 16896K, 0% used [0x00000007fde00000,0x00000007fde00000,0x00000007fee80000)
 ParOldGen       total 78336K, used 42300K [0x00000007c0000000, 0x00000007c4c80000, 0x00000007eaa80000)
  object space 78336K, 53% used [0x00000007c0000000,0x00000007c294f1e0,0x00000007c4c80000)
 PSPermGen       total 89088K, used 55300K [0x00000007b0000000, 0x00000007b5700000, 0x00000007c0000000)
  object space 89088K, 62% used [0x00000007b0000000,0x00000007b36012d0,0x00000007b5700000)
Event: 1840.843 GC heap after
Heap after GC invocations=29 (full 9):
 PSYoungGen      total 332800K, used 0K [0x00000007eaa80000, 0x0000000800000000, 0x0000000800000000)
  eden space 314880K, 0% used [0x00000007eaa80000,0x00000007eaa80000,0x00000007fde00000)
  from space 17920K, 0% used [0x00000007fee80000,0x00000007fee80000,0x0000000800000000)
  to   space 16896K, 0% used [0x00000007fde00000,0x00000007fde00000,0x00000007fee80000)
 ParOldGen       total 78336K, used 43915K [0x00000007c0000000, 0x00000007c4c80000, 0x00000007eaa80000)
  object space 78336K, 56% used [0x00000007c0000000,0x00000007c2ae2f08,0x00000007c4c80000)
 PSPermGen       total 85504K, used 55299K [0x00000007b0000000, 0x00000007b5380000, 0x00000007c0000000)
  object space 85504K, 64% used [0x00000007b0000000,0x00000007b3600f30,0x00000007b5380000)
}
Event: 2845.414 GC heap before
{Heap before GC invocations=30 (full 9):
 PSYoungGen      total 332800K, used 241755K [0x00000007eaa80000, 0x0000000800000000, 0x0000000800000000)
  eden space 314880K, 76% used [0x00000007eaa80000,0x00000007f9696e50,0x00000007fde00000)
  from space 17920K, 0% used [0x00000007fee80000,0x00000007fee80000,0x0000000800000000)
  to   space 16896K, 0% used [0x00000007fde00000,0x00000007fde00000,0x00000007fee80000)
 ParOldGen       total 78336K, used 43915K [0x00000007c0000000, 0x00000007c4c80000, 0x00000007eaa80000)
  object space 78336K, 56% used [0x00000007c0000000,0x00000007c2ae2f08,0x00000007c4c80000)
 PSPermGen       total 85504K, used 56449K [0x00000007b0000000, 0x00000007b5380000, 0x00000007c0000000)
  object space 85504K, 66% used [0x00000007b0000000,0x00000007b3720678,0x00000007b5380000)
Event: 2845.452 GC heap after
Heap after GC invocations=30 (full 9):
 PSYoungGen      total 331776K, used 8246K [0x00000007eaa80000, 0x0000000800000000, 0x0000000800000000)
  eden space 314880K, 0% used [0x00000007eaa80000,0x00000007eaa80000,0x00000007fde00000)
  from space 16896K, 48% used [0x00000007fde00000,0x00000007fe60d858,0x00000007fee80000)
  to   space 16896K, 0% used [0x00000007fef80000,0x00000007fef80000,0x0000000800000000)
 ParOldGen       total 78336K, used 43915K [0x00000007c0000000, 0x00000007c4c80000, 0x00000007eaa80000)
  object space 78336K, 56% used [0x00000007c0000000,0x00000007c2ae2f08,0x00000007c4c80000)
 PSPermGen       total 85504K, used 56449K [0x00000007b0000000, 0x00000007b5380000, 0x00000007c0000000)
  object space 85504K, 66% used [0x00000007b0000000,0x00000007b3720678,0x00000007b5380000)
}
Event: 2845.452 GC heap before
{Heap before GC invocations=31 (full 10):
 PSYoungGen      total 331776K, used 8246K [0x00000007eaa80000, 0x0000000800000000, 0x0000000800000000)
  eden space 314880K, 0% used [0x00000007eaa80000,0x00000007eaa80000,0x00000007fde00000)
  from space 16896K, 48% used [0x00000007fde00000,0x00000007fe60d858,0x00000007fee80000)
  to   space 16896K, 0% used [0x00000007fef80000,0x00000007fef80000,0x0000000800000000)
 ParOldGen       total 78336K, used 43915K [0x00000007c0000000, 0x00000007c4c80000, 0x00000007eaa80000)
  object space 78336K, 56% used [0x00000007c0000000,0x00000007c2ae2f08,0x00000007c4c80000)
 PSPermGen       total 85504K, used 56449K [0x00000007b0000000, 0x00000007b5380000, 0x00000007c0000000)
  object space 85504K, 66% used [0x00000007b0000000,0x00000007b3720678,0x00000007b5380000)
Event: 2846.019 GC heap after
Heap after GC invocations=31 (full 10):
 PSYoungGen      total 331776K, used 0K [0x00000007eaa80000, 0x0000000800000000, 0x0000000800000000)
  eden space 314880K, 0% used [0x00000007eaa80000,0x00000007eaa80000,0x00000007fde00000)
  from space 16896K, 0% used [0x00000007fde00000,0x00000007fde00000,0x00000007fee80000)
  to   space 16896K, 0% used [0x00000007fef80000,0x00000007fef80000,0x0000000800000000)
 ParOldGen       total 78336K, used 39377K [0x00000007c0000000, 0x00000007c4c80000, 0x00000007eaa80000)
  object space 78336K, 50% used [0x00000007c0000000,0x00000007c2674560,0x00000007c4c80000)
 PSPermGen       total 80384K, used 54386K [0x00000007b0000000, 0x00000007b4e80000, 0x00000007c0000000)
  object space 80384K, 67% used [0x00000007b0000000,0x00000007b351cb28,0x00000007b4e80000)
}

